<?xml version="1.0" encoding="UTF-8"?>
<testsuite xmlns:xsi="http://www.w3.org/2001/XMLSchema-instance" xsi:noNamespaceSchemaLocation="https://maven.apache.org/surefire/maven-surefire-plugin/xsd/surefire-test-report.xsd" name="com.anantwave.EncryptionUtilsTest" time="0.722" tests="5" errors="2" skipped="0" failures="0">
  <properties>
[...]
</properties>
  <testcase name="testEncryptionWithValidKey" classname="com.anantwave.EncryptionUtilsTest" time="0.118"/>
  <testcase name="testGenerateAESKey" classname="com.anantwave.EncryptionUtilsTest" time="0"/>
  <testcase name="testEncryptAndDecrypt" classname="com.anantwave.EncryptionUtilsTest" time="0.001"/>
  <testcase name="testDecryptAESKeyWithKMS" classname="com.anantwave.EncryptionUtilsTest" time="0.601">
    <error message="&#10;Cannot mock/spy class com.google.cloud.kms.v1.DecryptResponse&#10;Mockito cannot mock/spy because :&#10; - final class" type="org.mockito.exceptions.base.MockitoException">org.mockito.exceptions.base.MockitoException: 

Cannot mock/spy class com.google.cloud.kms.v1.DecryptResponse
Mockito cannot mock/spy because :
 - final class
	at com.anantwave.EncryptionUtilsTest.testDecryptAESKeyWithKMS(EncryptionUtilsTest.java:70)
</error>
  </testcase>
  <testcase name="testEncryptAESKeyWithKMS" classname="com.anantwave.EncryptionUtilsTest" time="0">
    <error message="&#10;Cannot mock/spy class com.google.cloud.kms.v1.EncryptResponse&#10;Mockito cannot mock/spy because :&#10; - final class" type="org.mockito.exceptions.base.MockitoException">org.mockito.exceptions.base.MockitoException: 

Cannot mock/spy class com.google.cloud.kms.v1.EncryptResponse
Mockito cannot mock/spy because :
 - final class
	at com.anantwave.EncryptionUtilsTest.testEncryptAESKeyWithKMS(EncryptionUtilsTest.java:52)
</error>
  </testcase>
</testsuite>